01/18/25 6:21:32: main.scss - Undefined variable $white-opacity-50: _equipe.scss on line 39, at column 7
Call Stack:
#0 import _equipe.scss main.scss on line 6
01/18/25 6:21:38: main.scss - Undefined variable $white-opacity-50: _equipe.scss on line 39, at column 7
Call Stack:
#0 import _equipe.scss main.scss on line 6
01/18/25 6:21:44: main.scss - Undefined variable $white-opacity-50: _equipe.scss on line 39, at column 7
Call Stack:
#0 import _equipe.scss main.scss on line 6
01/18/25 6:21:50: main.scss - parse error: failed at `$white-opacity-50: rgba(255,255,255,.5)` /Applications/XAMPP/xamppfiles/htdocs/oskar_skate/wp-content/themes/oskarskate/assets/styles/scss/_variables.scss on line 6, at column 1
01/18/25 6:21:56: main.scss - parse error: failed at `$white-opacity-50: rgba(255,255,255, .5)` /Applications/XAMPP/xamppfiles/htdocs/oskar_skate/wp-content/themes/oskarskate/assets/styles/scss/_variables.scss on line 6, at column 1
01/18/25 6:22:02: main.scss - parse error: failed at `$white-opacity-50: rgba(255,255,255, .5)` /Applications/XAMPP/xamppfiles/htdocs/oskar_skate/wp-content/themes/oskarskate/assets/styles/scss/_variables.scss on line 6, at column 1
01/18/25 6:22:08: main.scss - parse error: failed at `$white-opacity-50: rgba(255,255,255, .5)` /Applications/XAMPP/xamppfiles/htdocs/oskar_skate/wp-content/themes/oskarskate/assets/styles/scss/_variables.scss on line 6, at column 1
01/18/25 6:22:38: main.scss - Undefined variable $white-opacity-40: _equipe.scss on line 39, at column 7
Call Stack:
#0 import _equipe.scss main.scss on line 6
01/18/25 6:22:44: main.scss - Undefined variable $white-opacity-40: _equipe.scss on line 39, at column 7
Call Stack:
#0 import _equipe.scss main.scss on line 6
01/18/25 6:31:11: main.scss - Undefined variable $white-opacity-40: _equipe.scss on line 40, at column 7
Call Stack:
#0 import _equipe.scss main.scss on line 6
01/18/25 6:31:17: main.scss - Undefined variable $white-opacity-40: _equipe.scss on line 40, at column 7
Call Stack:
#0 import _equipe.scss main.scss on line 6
01/18/25 6:31:23: main.scss - Undefined variable $white-opacity-40: _equipe.scss on line 40, at column 7
Call Stack:
#0 import _equipe.scss main.scss on line 6
01/18/25 7:08:43: main.scss - parse error: failed at `transform: rotate20deg);` /Applications/XAMPP/xamppfiles/htdocs/oskar_skate/wp-content/themes/oskarskate/assets/styles/scss/_equipe.scss on line 37, at column 7
